{"logTime": "0316/021348", "correlationVector":"AVXwVuhUdNGAsxYLhWWDR3.1","action":"SyncServerConnectionManagerRequest", "result":"SYNC_SERVER_OK", "context":{"environment":"Prod_eastus2_prod-s01-050-nam-eastus2", "migrationStage":"NotStarted", "server":"akswtt00500007z"}}
{"logTime": "0316/021348", "correlationVector":"AVXwVuhUdNGAsxYLhWWDR3.2","action":"ProcessGetUpdates", "result":"Done", "context":{"dataType":"Encryption Keys", "deleted":"0", "process_failed_to_decrypt":"0", "process_pending_decryption":"0", "process_success":"1", "total":"1"}}
{"logTime": "0316/021348", "correlationVector":"iGLC6LOOcIpfiQ+dLHnw7W","action":"SyncServerConnectionManagerRequest", "result":"SYNC_SERVER_OK", "context":{"environment":"", "migrationStage":"", "server":""}}
{"logTime": "0316/021348", "correlationVector":"iGLC6LOOcIpfiQ+dLHnw7W.0","action":"EncryptionKeysFetcher.DownloadKeys:", "result":"Success", "context":Key count: 3, Last key timestamp: 2025-03-15T20:00:03Z}
{"logTime": "0316/021348", "correlationVector":"iGLC6LOOcIpfiQ+dLHnw7W.1","action":"EncryptionKeysManager::SetEncryptionKeys:", "result":"Success", "context":Key names[3]:[xvS7B2eyN2UzZffciSt/Y5OomMCbs9SewK3Q2tirHp0cechrUtfjQ0+BTCUIJT0125lU+Q4fVg/qv/wnSV6ODg==][gGup8PUYu3l5ODt8FlOXjCkrltlPJgBhPEZcWwjxg7KKnhxvlRSBMcdx9p/brGrR1Xbx/GQEOaPXHGg59YFF9A==][niRk3oFRLeU26jcbaAhEl9FALU/aeygNWSOXMHoqjeXRefNPdSpzCyvgm3yWIv8umPlQ7vBa6EkZ9tIAT3I/VA==]}
{"logTime": "0316/021348", "correlationVector":"iGLC6LOOcIpfiQ+dLHnw7W.2","action":"EncryptionKeysManager::SetEncryptionKeysWithTimestamps:", "result":"Success", "context":Key timestamps[3]:[2024-03-09T03:30:19Z][2024-09-05T20:38:11Z][2025-03-15T20:00:03Z]}
{"logTime": "0316/021348", "correlationVector":"AVXwVuhUdNGAsxYLhWWDR3","action":"Initial GetUpdates", "result":"", "context":Reason: NEW_CLIENT. cV=AVXwVuhUdNGAsxYLhWWDR3}
{"logTime": "0316/021348", "correlationVector":"AVXwVuhUdNGAsxYLhWWDR3.3","action":"GetUpdates Response", "result":"Success", "context":Received 1 update(s). cV=AVXwVuhUdNGAsxYLhWWDR3.0;server=akswtt00500007z;cloudType=Consumer;environment=Prod_eastus2_prod-s01-050-nam-eastus2;migrationStage=NotStarted}
{"logTime": "0316/021348", "correlationVector":"ihQhlCdIHWxLpY//d2FcVu","action":"Initial GetUpdates", "result":"", "context":Reason: NEWLY_SUPPORTED_DATATYPE. cV=ihQhlCdIHWxLpY//d2FcVu}
{"logTime": "0316/021349", "correlationVector":"ihQhlCdIHWxLpY//d2FcVu.1","action":"SyncServerConnectionManagerRequest", "result":"SYNC_SERVER_OK", "context":{"environment":"Prod_eastus2_prod-s01-050-nam-eastus2", "migrationStage":"NotStarted", "server":"akswtt005000079"}}
{"logTime": "0316/021349", "correlationVector":"ihQhlCdIHWxLpY//d2FcVu.2","action":"ProcessGetUpdates", "result":"Done", "context":{"dataType":"Preferences", "deleted":"0", "process_failed_to_decrypt":"0", "process_pending_decryption":"0", "process_success":"51", "total":"51"}}
{"logTime": "0316/021349", "correlationVector":"ihQhlCdIHWxLpY//d2FcVu.3","action":"ProcessGetUpdates", "result":"Done", "context":{"dataType":"Passwords", "deleted":"1", "process_failed_to_decrypt":"0", "process_pending_decryption":"0", "process_success":"19", "total":"19"}}
{"logTime": "0316/021349", "correlationVector":"ihQhlCdIHWxLpY//d2FcVu.4","action":"ProcessGetUpdates", "result":"Done", "context":{"dataType":"Device Info", "deleted":"0", "process_failed_to_decrypt":"0", "process_pending_decryption":"0", "process_success":"2", "total":"2"}}
{"logTime": "0316/021349", "correlationVector":"ihQhlCdIHWxLpY//d2FcVu.5","action":"GetUpdates Response", "result":"Success", "context":Received 72 update(s). cV=ihQhlCdIHWxLpY//d2FcVu.0;server=akswtt005000079;cloudType=Consumer;environment=Prod_eastus2_prod-s01-050-nam-eastus2;migrationStage=NotStarted}
{"logTime": "0316/021349", "correlationVector":"wt7mbI0QAw9ta+/WKOzydz","action":"Initial GetUpdates", "result":"", "context":Reason: NEWLY_SUPPORTED_DATATYPE. cV=wt7mbI0QAw9ta+/WKOzydz}
{"logTime": "0316/021349", "correlationVector":"wt7mbI0QAw9ta+/WKOzydz.1","action":"SyncServerConnectionManagerRequest", "result":"SYNC_SERVER_OK", "context":{"environment":"Prod_eastus2_prod-s01-050-nam-eastus2", "migrationStage":"NotStarted", "server":"akswtt00500009p"}}
{"logTime": "0316/021349", "correlationVector":"wt7mbI0QAw9ta+/WKOzydz.2","action":"ProcessGetUpdates", "result":"Done", "context":{"dataType":"Bookmarks", "deleted":"0", "process_failed_to_decrypt":"0", "process_pending_decryption":"0", "process_success":"11", "total":"11"}}
{"logTime": "0316/021349", "correlationVector":"wt7mbI0QAw9ta+/WKOzydz.3","action":"GetUpdates Response", "result":"Success", "context":Received 11 update(s). cV=wt7mbI0QAw9ta+/WKOzydz.0;server=akswtt00500009p;cloudType=Consumer;environment=Prod_eastus2_prod-s01-050-nam-eastus2;migrationStage=NotStarted}
{"logTime": "0316/021349", "correlationVector":"kDvugD+FJEA1Q1NFYB5RuS","action":"Initial GetUpdates", "result":"", "context":Reason: NEWLY_SUPPORTED_DATATYPE. cV=kDvugD+FJEA1Q1NFYB5RuS}
{"logTime": "0316/021350", "correlationVector":"kDvugD+FJEA1Q1NFYB5RuS.1","action":"SyncServerConnectionManagerRequest", "result":"SYNC_SERVER_OK", "context":{"environment":"Prod_eastus2_prod-s01-050-nam-eastus2", "migrationStage":"NotStarted", "server":"akswtt00500007y"}}
{"logTime": "0316/021350", "correlationVector":"kDvugD+FJEA1Q1NFYB5RuS.2","action":"ProcessGetUpdates", "result":"Done", "context":{"dataType":"Autofill Profiles", "deleted":"0", "process_failed_to_decrypt":"0", "process_pending_decryption":"0", "process_success":"27", "total":"27"}}
{"logTime": "0316/021350", "correlationVector":"kDvugD+FJEA1Q1NFYB5RuS.3","action":"ProcessGetUpdates", "result":"Done", "context":{"dataType":"Autofill", "deleted":"0", "process_failed_to_decrypt":"0", "process_pending_decryption":"0", "process_success":"218", "total":"218"}}
{"logTime": "0316/021350", "correlationVector":"kDvugD+FJEA1Q1NFYB5RuS.4","action":"ProcessGetUpdates", "result":"Done", "context":{"dataType":"Extensions", "deleted":"0", "process_failed_to_decrypt":"0", "process_pending_decryption":"0", "process_success":"1", "total":"1"}}
{"logTime": "0316/021350", "correlationVector":"kDvugD+FJEA1Q1NFYB5RuS.5","action":"GetUpdates Response", "result":"Success", "context":Received 246 update(s). cV=kDvugD+FJEA1Q1NFYB5RuS.0;server=akswtt00500007y;cloudType=Consumer;environment=Prod_eastus2_prod-s01-050-nam-eastus2;migrationStage=NotStarted}
{"logTime": "0316/021350", "correlationVector":"7eKuB2gVYC+OhLYXOcl7zM","action":"Initial GetUpdates", "result":"", "context":Reason: NEWLY_SUPPORTED_DATATYPE. cV=7eKuB2gVYC+OhLYXOcl7zM}
{"logTime": "0316/021350", "correlationVector":"7eKuB2gVYC+OhLYXOcl7zM.1","action":"SyncServerConnectionManagerRequest", "result":"SYNC_SERVER_OK", "context":{"environment":"Prod_eastus2_prod-s01-050-nam-eastus2", "migrationStage":"NotStarted", "server":"akswtt005000053"}}
{"logTime": "0316/021350", "correlationVector":"7eKuB2gVYC+OhLYXOcl7zM.2","action":"GetUpdates Response", "result":"Success", "context":Received 0 update(s). cV=7eKuB2gVYC+OhLYXOcl7zM.0;server=akswtt005000053;cloudType=Consumer;environment=Prod_eastus2_prod-s01-050-nam-eastus2;migrationStage=NotStarted}
{"logTime": "0316/021350", "correlationVector":"JF3Asx3+1HVRI20c/iQ1t0","action":"Normal GetUpdate request", "result":"", "context":cV=JF3Asx3+1HVRI20c/iQ1t0
Nudged types: Preferences, Sessions, Device Info, User Consents, Encryption Keys
Refresh requested types: Bookmarks, Preferences, Passwords, Autofill Profiles, Autofill, Extensions, Sessions, Extension settings, History Delete Directives, Device Info, User Consents, Send Tab To Self, Web Apps, History, Collection, Edge E Drop, Edge Hub App Usage, Edge Tab Group, Edge Wallet, Encryption Keys}
{"logTime": "0316/021350", "correlationVector":"JF3Asx3+1HVRI20c/iQ1t0.1","action":"SyncServerConnectionManagerRequest", "result":"SYNC_SERVER_OK", "context":{"environment":"Prod_eastus2_prod-s01-050-nam-eastus2", "migrationStage":"NotStarted", "server":"akswtt00500007y"}}
{"logTime": "0316/021350", "correlationVector":"JF3Asx3+1HVRI20c/iQ1t0.2","action":"GetUpdates Response", "result":"Success", "context":Received 0 update(s). cV=JF3Asx3+1HVRI20c/iQ1t0.0;server=akswtt00500007y;cloudType=Consumer;environment=Prod_eastus2_prod-s01-050-nam-eastus2;migrationStage=NotStarted}
{"logTime": "0316/021350", "correlationVector":"pTB8GsBbsBtUVRgoRVOpR0","action":"Commit Request", "result":"", "context":Item count: 1
Contributing types: Encryption Keys}
{"logTime": "0316/021350", "correlationVector":"pTB8GsBbsBtUVRgoRVOpR0.1","action":"SyncServerConnectionManagerRequest", "result":"SYNC_SERVER_OK", "context":{"environment":"Prod_eastus2_prod-s01-050-nam-eastus2", "migrationStage":"NotStarted", "server":"akswtt005000025"}}
{"logTime": "0316/021350", "correlationVector":"pTB8GsBbsBtUVRgoRVOpR0.2","action":"Commit Response", "result":"Success", "context":Result: Success. cV=pTB8GsBbsBtUVRgoRVOpR0.0;server=akswtt005000025;cloudType=Consumer;environment=Prod_eastus2_prod-s01-050-nam-eastus2;migrationStage=NotStarted}
{"logTime": "0316/021350", "correlationVector":"Veq5AKVNn3yKrt4s/8T2HT","action":"Commit Request", "result":"", "context":Item count: 40
Contributing types: Preferences, Passwords, Autofill Profiles, Device Info}
{"logTime": "0316/021352", "correlationVector":"Veq5AKVNn3yKrt4s/8T2HT.1","action":"SyncServerConnectionManagerRequest", "result":"SYNC_SERVER_OK", "context":{"environment":"Prod_eastus2_prod-s01-050-nam-eastus2", "migrationStage":"NotStarted", "server":"akswtt00500000z"}}
{"logTime": "0316/021352", "correlationVector":"Veq5AKVNn3yKrt4s/8T2HT.2","action":"Commit Response", "result":"Success", "context":Result: Success. cV=Veq5AKVNn3yKrt4s/8T2HT.0;server=akswtt00500000z;cloudType=Consumer;environment=Prod_eastus2_prod-s01-050-nam-eastus2;migrationStage=NotStarted}
{"logTime": "0316/021352", "correlationVector":"oft/Hvodm/dZmQ3HnqAJRX","action":"Commit Request", "result":"", "context":Item count: 40
Contributing types: Preferences, Autofill Profiles, Autofill}
{"logTime": "0316/021354", "correlationVector":"oft/Hvodm/dZmQ3HnqAJRX.1","action":"SyncServerConnectionManagerRequest", "result":"SYNC_SERVER_OK", "context":{"environment":"Prod_eastus2_prod-s01-050-nam-eastus2", "migrationStage":"NotStarted", "server":"akswtt005000025"}}
{"logTime": "0316/021354", "correlationVector":"oft/Hvodm/dZmQ3HnqAJRX.2","action":"Commit Response", "result":"Success", "context":Result: Success. cV=oft/Hvodm/dZmQ3HnqAJRX.0;server=akswtt005000025;cloudType=Consumer;environment=Prod_eastus2_prod-s01-050-nam-eastus2;migrationStage=NotStarted}
{"logTime": "0316/021354", "correlationVector":"0J2UycnwEK7/dfj2XLobXX","action":"Commit Request", "result":"", "context":Item count: 40
Contributing types: Autofill}
{"logTime": "0316/021355", "correlationVector":"0J2UycnwEK7/dfj2XLobXX.1","action":"SyncServerConnectionManagerRequest", "result":"SYNC_SERVER_OK", "context":{"environment":"Prod_eastus2_prod-s01-050-nam-eastus2", "migrationStage":"NotStarted", "server":"akswtt00500007h"}}
{"logTime": "0316/021355", "correlationVector":"0J2UycnwEK7/dfj2XLobXX.2","action":"Commit Response", "result":"Success", "context":Result: Success. cV=0J2UycnwEK7/dfj2XLobXX.0;server=akswtt00500007h;cloudType=Consumer;environment=Prod_eastus2_prod-s01-050-nam-eastus2;migrationStage=NotStarted}
{"logTime": "0316/021355", "correlationVector":"kelkAJNTXMigytGe79Rc+T","action":"Commit Request", "result":"", "context":Item count: 40
Contributing types: Preferences, Autofill}
{"logTime": "0316/021357", "correlationVector":"kelkAJNTXMigytGe79Rc+T.1","action":"SyncServerConnectionManagerRequest", "result":"SYNC_SERVER_OK", "context":{"environment":"Prod_eastus2_prod-s01-050-nam-eastus2", "migrationStage":"NotStarted", "server":"akswtt00500002j"}}
{"logTime": "0316/021357", "correlationVector":"kelkAJNTXMigytGe79Rc+T.2","action":"Commit Response", "result":"Success", "context":Result: Success. cV=kelkAJNTXMigytGe79Rc+T.0;server=akswtt00500002j;cloudType=Consumer;environment=Prod_eastus2_prod-s01-050-nam-eastus2;migrationStage=NotStarted}
{"logTime": "0316/021357", "correlationVector":"S5G0TfgZHARld3xRhO/2Rw","action":"Commit Request", "result":"", "context":Item count: 40
Contributing types: Autofill}
{"logTime": "0316/021358", "correlationVector":"S5G0TfgZHARld3xRhO/2Rw.1","action":"SyncServerConnectionManagerRequest", "result":"SYNC_SERVER_OK", "context":{"environment":"Prod_eastus2_prod-s01-050-nam-eastus2", "migrationStage":"NotStarted", "server":"akswtt005000013"}}
{"logTime": "0316/021358", "correlationVector":"S5G0TfgZHARld3xRhO/2Rw.2","action":"Commit Response", "result":"Success", "context":Result: Success. cV=S5G0TfgZHARld3xRhO/2Rw.0;server=akswtt005000013;cloudType=Consumer;environment=Prod_eastus2_prod-s01-050-nam-eastus2;migrationStage=NotStarted}
{"logTime": "0316/021358", "correlationVector":"ZbQ3WAQkvjoxDu7C588eDe","action":"Commit Request", "result":"", "context":Item count: 40
Contributing types: Autofill}
{"logTime": "0316/021359", "correlationVector":"ZbQ3WAQkvjoxDu7C588eDe.1","action":"SyncServerConnectionManagerRequest", "result":"SYNC_SERVER_OK", "context":{"environment":"Prod_eastus2_prod-s01-050-nam-eastus2", "migrationStage":"NotStarted", "server":"akswtt00500007y"}}
{"logTime": "0316/021359", "correlationVector":"ZbQ3WAQkvjoxDu7C588eDe.2","action":"Commit Response", "result":"Success", "context":Result: Success. cV=ZbQ3WAQkvjoxDu7C588eDe.0;server=akswtt00500007y;cloudType=Consumer;environment=Prod_eastus2_prod-s01-050-nam-eastus2;migrationStage=NotStarted}
{"logTime": "0316/021359", "correlationVector":"K68E5hxxMb0jRX5rF0vlzy","action":"Commit Request", "result":"", "context":Item count: 35
Contributing types: Autofill, Sessions, User Consents, History}
{"logTime": "0316/021401", "correlationVector":"K68E5hxxMb0jRX5rF0vlzy.1","action":"SyncServerConnectionManagerRequest", "result":"SYNC_SERVER_OK", "context":{"environment":"Prod_eastus2_prod-s01-050-nam-eastus2", "migrationStage":"NotStarted", "server":"akswtt00500000g"}}
{"logTime": "0316/021401", "correlationVector":"K68E5hxxMb0jRX5rF0vlzy.2","action":"Commit Response", "result":"Success", "context":Result: Success. cV=K68E5hxxMb0jRX5rF0vlzy.0;server=akswtt00500000g;cloudType=Consumer;environment=Prod_eastus2_prod-s01-050-nam-eastus2;migrationStage=NotStarted}
{"logTime": "0316/021418", "correlationVector":"OqSy9p5rf0VDGNTSRKxAQZ","action":"Commit Request", "result":"", "context":Item count: 2
Contributing types: Preferences, History}
{"logTime": "0316/021418", "correlationVector":"OqSy9p5rf0VDGNTSRKxAQZ.1","action":"SyncServerConnectionManagerRequest", "result":"SYNC_SERVER_OK", "context":{"environment":"Prod_eastus2_prod-s01-050-nam-eastus2", "migrationStage":"NotStarted", "server":"akswtt005000090"}}
{"logTime": "0316/021418", "correlationVector":"OqSy9p5rf0VDGNTSRKxAQZ.2","action":"Commit Response", "result":"Success", "context":Result: Success. cV=OqSy9p5rf0VDGNTSRKxAQZ.0;server=akswtt005000090;cloudType=Consumer;environment=Prod_eastus2_prod-s01-050-nam-eastus2;migrationStage=NotStarted}
